<?xml version="1.0" encoding="UTF-8"?>
<testng-results skipped="0" failed="0" total="2" passed="2">
  <reporter-output>
  </reporter-output>
  <suite name="smoke" duration-ms="56782" started-at="2018-02-04T07:38:40Z" finished-at="2018-02-04T07:39:36Z">
    <groups>
    </groups>
    <test name="Verify login functionality by passing valid username and password" duration-ms="20357" started-at="2018-02-04T07:38:40Z" finished-at="2018-02-04T07:39:00Z">
      <class name="org.ejagruti.finsys.testcases.US_SBDC_1000_TC001">
        <test-method status="PASS" signature="ExecuteTestCase()[pri:0, instance:org.ejagruti.finsys.testcases.US_SBDC_1000_TC001@47c62251]" name="ExecuteTestCase" duration-ms="20186" started-at="2018-02-04T13:08:40Z" finished-at="2018-02-04T13:09:00Z">
          <reporter-output>
          </reporter-output>
        </test-method> <!-- ExecuteTestCase -->
      </class> <!-- org.ejagruti.finsys.testcases.US_SBDC_1000_TC001 -->
    </test> <!-- Verify login functionality by passing valid username and password -->
    <test name="User having Valid Role (CFO/FM) should be on the Home Page after performing successful Login operation" duration-ms="36388" started-at="2018-02-04T07:39:00Z" finished-at="2018-02-04T07:39:36Z">
      <class name="org.ejagruti.finsys.testcases.US_SBDC_1001_TC002">
        <test-method status="PASS" signature="ExecuteTestCase()[pri:0, instance:org.ejagruti.finsys.testcases.US_SBDC_1001_TC002@204f30ec]" name="ExecuteTestCase" duration-ms="36228" started-at="2018-02-04T13:09:00Z" finished-at="2018-02-04T13:09:36Z">
          <reporter-output>
          </reporter-output>
        </test-method> <!-- ExecuteTestCase -->
      </class> <!-- org.ejagruti.finsys.testcases.US_SBDC_1001_TC002 -->
    </test> <!-- User having Valid Role (CFO/FM) should be on the Home Page after performing successful Login operation -->
  </suite> <!-- smoke -->
</testng-results>
