<?xml version="1.0" encoding="UTF-8"?>
<!-- Generated by org.testng.reporters.JUnitXMLReporter -->
<testsuite hostname="Ajay" name="User having Valid Role (CFO/FM) should be on the Home Page after performing successful Login operation" tests="1" failures="0" timestamp="4 Feb 2018 07:39:36 GMT" time="36.388" errors="0">
  <testcase name="ExecuteTestCase" time="36.228" classname="org.ejagruti.finsys.testcases.US_SBDC_1001_TC002"/>
</testsuite> <!-- User having Valid Role (CFO/FM) should be on the Home Page after performing successful Login operation -->
